[    0.000000] Linux version 4.15.0-212-generic (buildd@lcy02-amd64-083) (gcc version 7.5.0 (Ubuntu 7.5.0-3ubuntu1~18.04)) #223-Ubuntu SMP Tue May 23 13:09:22 UTC 2023 (Ubuntu 4.15.0-212.223-generic 4.15.18)
[    0.000000] Command line: BOOT_IMAGE=/boot/vmlinuz-4.15.0-212-generic root=LABEL=cloudimg-rootfs ro console=tty1 console=ttyS0
[    0.000000] KERNEL supported cpus:
[    0.000000]   Intel GenuineIntel
[    0.000000]   AMD AuthenticAMD
[    0.000000]   Centaur CentaurHauls
[    0.000000] x86/fpu: Supporting XSAVE feature 0x001: 'x87 floating point registers'
[    0.000000] x86/fpu: Supporting XSAVE feature 0x002: 'SSE registers'
[    0.000000] x86/fpu: Supporting XSAVE feature 0x004: 'AVX registers'
[    0.000000] x86/fpu: xstate_offset[2]:  576, xstate_sizes[2]:  256
[    0.000000] x86/fpu: Enabled xstate features 0x7, context size is 832 bytes, using 'standard' format.
[    0.000000] e820: BIOS-provided physical RAM map:
[    0.000000] BIOS-e820: [mem 0x0000000000000000-0x000000000009fbff] usable
[    0.000000] BIOS-e820: [mem 0x000000000009fc00-0x000000000009ffff] reserved
[    0.000000] BIOS-e820: [mem 0x00000000000f0000-0x00000000000fffff] reserved
[    0.000000] BIOS-e820: [mem 0x0000000000100000-0x000000003ffeffff] usable
[    0.000000] BIOS-e820: [mem 0x000000003fff0000-0x000000003fffffff] ACPI data
[    0.000000] BIOS-e820: [mem 0x00000000fec00000-0x00000000fec00fff] reserved
[    0.000000] BIOS-e820: [mem 0x00000000fee00000-0x00000000fee00fff] reserved
[    0.000000] BIOS-e820: [mem 0x00000000fffc0000-0x00000000ffffffff] reserved
[    0.000000] NX (Execute Disable) protection: active
[    0.000000] SMBIOS 2.5 present.
[    0.000000] DMI: innotek GmbH VirtualBox/VirtualBox, BIOS VirtualBox 12/01/2006
[    0.000000] Hypervisor detected: KVM
[    0.000000] e820: last_pfn = 0x3fff0 max_arch_pfn = 0x400000000
[    0.000000] MTRR: Disabled
[    0.000000] x86/PAT: MTRRs disabled, skipping PAT initialization too.
[    0.000000] CPU MTRRs all blank - virtualized system.
[    0.000000] x86/PAT: Configuration [0-7]: WB  WT  UC- UC  WB  WT  UC- UC  
[    0.000000] found SMP MP-table at [mem 0x0009fff0-0x0009ffff]
[    0.000000] Scanning 1 areas for low memory corruption
[    0.000000] RAMDISK: [mem 0x359cb000-0x36cdcfff]
[    0.000000] ACPI: Early table checksum verification disabled
[    0.000000] ACPI: RSDP 0x00000000000E0000 000024 (v02 VBOX  )
[    0.000000] ACPI: XSDT 0x000000003FFF0030 00003C (v01 VBOX   VBOXXSDT 00000001 ASL  00000061)
[    0.000000] ACPI: FACP 0x000000003FFF00F0 0000F4 (v04 VBOX   VBOXFACP 00000001 ASL  00000061)
[    0.000000] ACPI: DSDT 0x000000003FFF0470 002325 (v02 VBOX   VBOXBIOS 00000002 INTL 20100528)
[    0.000000] ACPI: FACS 0x000000003FFF0200 000040
[    0.000000] ACPI: FACS 0x000000003FFF0200 000040
[    0.000000] ACPI: APIC 0x000000003FFF0240 00005C (v02 VBOX   VBOXAPIC 00000001 ASL  00000061)
[    0.000000] ACPI: SSDT 0x000000003FFF02A0 0001CC (v01 VBOX   VBOXCPUT 00000002 INTL 20100528)
[    0.000000] ACPI: Reserving FACP table memory at [mem 0x3fff00f0-0x3fff01e3]
[    0.000000] ACPI: Reserving DSDT table memory at [mem 0x3fff0470-0x3fff2794]
[    0.000000] ACPI: Reserving FACS table memory at [mem 0x3fff0200-0x3fff023f]
[    0.000000] ACPI: Reserving FACS table memory at [mem 0x3fff0200-0x3fff023f]
[    0.000000] ACPI: Reserving APIC table memory at [mem 0x3fff0240-0x3fff029b]
[    0.000000] ACPI: Reserving SSDT table memory at [mem 0x3fff02a0-0x3fff046b]
[    0.000000] No NUMA configuration found
[    0.000000] Faking a node at [mem 0x0000000000000000-0x000000003ffeffff]
[    0.000000] NODE_DATA(0) allocated [mem 0x3ffc5000-0x3ffeffff]
[    0.000000] kvm-clock: cpu 0, msr 0:3ff44001, primary cpu clock
[    0.000000] kvm-clock: Using msrs 4b564d01 and 4b564d00
[    0.000000] kvm-clock: using sched offset of 6094529924 cycles
[    0.000000] clocksource: kvm-clock: mask: 0xffffffffffffffff max_cycles: 0x1cd42e4dffb, max_idle_ns: 881590591483 ns
[    0.000000] Zone ranges:
[    0.000000]   DMA      [mem 0x0000000000001000-0x0000000000ffffff]
[    0.000000]   DMA32    [mem 0x0000000001000000-0x000000003ffeffff]
[    0.000000]   Normal   empty
[    0.000000]   Device   empty
[    0.000000] Movable zone start for each node
[    0.000000] Early memory node ranges
[    0.000000]   node   0: [mem 0x0000000000001000-0x000000000009efff]
[    0.000000]   node   0: [mem 0x0000000000100000-0x000000003ffeffff]
[    0.000000] Reserved but unavailable: 104 pages
[    0.000000] Initmem setup node 0 [mem 0x0000000000001000-0x000000003ffeffff]
[    0.000000] ACPI: PM-Timer IO Port: 0x4008
[    0.000000] IOAPIC[0]: apic_id 2, version 32, address 0xfec00000, GSI 0-23
[    0.000000] ACPI: INT_SRC_OVR (bus 0 bus_irq 0 global_irq 2 dfl dfl)
[    0.000000] ACPI: INT_SRC_OVR (bus 0 bus_irq 9 global_irq 9 low level)
[    0.000000] Using ACPI (MADT) for SMP configuration information
[    0.000000] smpboot: Allowing 2 CPUs, 0 hotplug CPUs
[    0.000000] PM: Registered nosave memory: [mem 0x00000000-0x00000fff]
[    0.000000] PM: Registered nosave memory: [mem 0x0009f000-0x0009ffff]
[    0.000000] PM: Registered nosave memory: [mem 0x000a0000-0x000effff]
[    0.000000] PM: Registered nosave memory: [mem 0x000f0000-0x000fffff]
[    0.000000] e820: [mem 0x40000000-0xfebfffff] available for PCI devices
[    0.000000] Booting paravirtualized kernel on KVM
[    0.000000] clocksource: refined-jiffies: mask: 0xffffffff max_cycles: 0xffffffff, max_idle_ns: 7645519600211568 ns
[    0.000000] setup_percpu: NR_CPUS:8192 nr_cpumask_bits:2 nr_cpu_ids:2 nr_node_ids:1
[    0.000000] percpu: Embedded 50 pages/cpu s167936 r8192 d28672 u1048576
[    0.000000] PV qspinlock hash table entries: 256 (order: 0, 4096 bytes)
[    0.000000] Built 1 zonelists, mobility grouping on.  Total pages: 257913
[    0.000000] Policy zone: DMA32
[    0.000000] Kernel command line: BOOT_IMAGE=/boot/vmlinuz-4.15.0-212-generic root=LABEL=cloudimg-rootfs ro console=tty1 console=ttyS0
[    0.000000] Memory: 982644K/1048120K available (12300K kernel code, 2477K rwdata, 4324K rodata, 2480K init, 2720K bss, 65476K reserved, 0K cma-reserved)
[    0.000000] SLUB: HWalign=64, Order=0-3, MinObjects=0, CPUs=2, Nodes=1
[    0.000000] Kernel/User page tables isolation: enabled
[    0.000000] ftrace: allocating 39508 entries in 155 pages
[    0.004000] Hierarchical RCU implementation.
[    0.004000] 	RCU restricting CPUs from NR_CPUS=8192 to nr_cpu_ids=2.
[    0.004000] 	Tasks RCU enabled.
[    0.004000] RCU: Adjusting geometry for rcu_fanout_leaf=16, nr_cpu_ids=2
[    0.004000] NR_IRQS: 524544, nr_irqs: 440, preallocated irqs: 16
[    0.004000] random: crng init done
[    0.004000] Console: colour VGA+ 80x25
[    0.004000] console [tty1] enabled
[    0.004000] console [ttyS0] enabled
[    0.004000] ACPI: Core revision 20170831
[    0.004000] ACPI: 2 ACPI AML tables successfully acquired and loaded
[    0.004000] APIC: Switch to symmetric I/O mode setup
[    0.004911] x2apic enabled
[    0.007546] Switched APIC routing to physical x2apic.
[    0.012000] ..TIMER: vector=0x30 apic1=0 pin1=2 apic2=-1 pin2=-1
[    0.012010] tsc: Detected 1795.921 MHz processor
[    0.016022] Calibrating delay loop (skipped) preset value.. 3591.84 BogoMIPS (lpj=7183684)
[    0.020015] pid_max: default: 32768 minimum: 301
[    0.023084] Security Framework initialized
[    0.024010] Yama: becoming mindful.
[    0.026197] AppArmor: AppArmor initialized
[    0.032106] Dentry cache hash table entries: 131072 (order: 8, 1048576 bytes)
[    0.036166] Inode-cache hash table entries: 65536 (order: 7, 524288 bytes)
[    0.040035] Mount-cache hash table entries: 2048 (order: 2, 16384 bytes)
[    0.044019] Mountpoint-cache hash table entries: 2048 (order: 2, 16384 bytes)
[    0.048726] Last level iTLB entries: 4KB 512, 2MB 8, 4MB 8
[    0.052007] Last level dTLB entries: 4KB 512, 2MB 32, 4MB 32, 1GB 0
[    0.056008] Spectre V1 : Mitigation: usercopy/swapgs barriers and __user pointer sanitization
[    0.060008] Spectre V2 : Mitigation: Retpolines
[    0.064005] Spectre V2 : Spectre v2 / SpectreRSB mitigation: Filling RSB on context switch
[    0.068010] Spectre V2 : Spectre v2 / SpectreRSB : Filling RSB on VMEXIT
[    0.072008] Speculative Store Bypass: Vulnerable
[    0.076092] MDS: Mitigation: Clear CPU buffers
[    0.078771] MMIO Stale Data: Unknown: No mitigations
[    0.080007] SRBDS: Unknown: Dependent on hypervisor status
[    0.084555] Freeing SMP alternatives memory: 36K
[    0.201354] smpboot: CPU0: Intel(R) Core(TM) i5-3337U CPU @ 1.80GHz (family: 0x6, model: 0x3a, stepping: 0x9)
[    0.204185] Performance Events: unsupported p6 CPU model 58 no PMU driver, software events only.
[    0.208156] Hierarchical SRCU implementation.
[    0.212193] NMI watchdog: Perf event create on CPU 0 failed with -2
[    0.215773] NMI watchdog: Perf NMI watchdog permanently disabled
[    0.216164] smp: Bringing up secondary CPUs ...
[    0.220297] x86: Booting SMP configuration:
[    0.224006] .... node  #0, CPUs:      #1
[    0.004000] kvm-clock: cpu 1, msr 0:3ff44041, secondary cpu clock
[    0.234667] smp: Brought up 1 node, 2 CPUs
[    0.236014] smpboot: Max logical packages: 1
[    0.240010] smpboot: Total of 2 processors activated (7183.68 BogoMIPS)
[    0.244137] devtmpfs: initialized
[    0.246618] x86/mm: Memory block size: 128MB
[    0.248760] evm: security.selinux
[    0.252008] evm: security.SMACK64
[    0.254269] evm: security.SMACK64EXEC
[    0.256011] evm: security.SMACK64TRANSMUTE
[    0.260006] evm: security.SMACK64MMAP
[    0.262426] evm: security.apparmor
[    0.264006] evm: security.ima
[    0.266007] evm: security.capability
[    0.268309] clocksource: jiffies: mask: 0xffffffff max_cycles: 0xffffffff, max_idle_ns: 7645041785100000 ns
[    0.272020] futex hash table entries: 512 (order: 3, 32768 bytes)
[    0.276112] pinctrl core: initialized pinctrl subsystem
[    0.280399] RTC time:  6:37:05, date: 03/09/26
[    0.284735] NET: Registered protocol family 16
[    0.288492] audit: initializing netlink subsys (disabled)
[    0.292117] audit: type=2000 audit(1773038233.647:1): state=initialized audit_enabled=0 res=1
[    0.300022] cpuidle: using governor ladder
[    0.304050] cpuidle: using governor menu
[    0.308238] ACPI: bus type PCI registered
[    0.311129] acpiphp: ACPI Hot Plug PCI Controller Driver version: 0.5
[    0.316053] PCI: Using configuration type 1 for base access
[    0.325891] HugeTLB registered 2.00 MiB page size, pre-allocated 0 pages
[    0.332207] ACPI: Added _OSI(Module Device)
[    0.334979] ACPI: Added _OSI(Processor Device)
[    0.336031] ACPI: Added _OSI(3.0 _SCP Extensions)
[    0.340017] ACPI: Added _OSI(Processor Aggregator Device)
[    0.344016] ACPI: Added _OSI(Linux-Dell-Video)
[    0.348014] ACPI: Added _OSI(Linux-Lenovo-NV-HDMI-Audio)
[    0.352010] ACPI: Added _OSI(Linux-HPI-Hybrid-Graphics)
[    0.356915] ACPI: Executed 1 blocks of module-level executable AML code
[    0.381560] ACPI: Interpreter enabled
[    0.384000] ACPI: (supports S0 S5)
[    0.384010] ACPI: Using IOAPIC for interrupt routing
[    0.389539] PCI: Using host bridge windows from ACPI; if necessary, use "pci=nocrs" and report a bug
[    0.392679] ACPI: Enabled 2 GPEs in block 00 to 07
[    0.425963] ACPI: PCI Root Bridge [PCI0] (domain 0000 [bus 00-ff])
[    0.428029] acpi PNP0A03:00: _OSC: OS supports [ASPM ClockPM Segments MSI]
[    0.436925] acpi PNP0A03:00: _OSC: not requesting OS control; OS requires [ExtendedConfig ASPM ClockPM MSI]
[    0.440061] acpi PNP0A03:00: fail to add MMCONFIG information, can't access extended PCI configuration space under this bridge.
[    0.449182] PCI host bridge to bus 0000:00
[    0.451721] pci_bus 0000:00: root bus resource [io  0x0000-0x0cf7 window]
[    0.452019] pci_bus 0000:00: root bus resource [io  0x0d00-0xffff window]
[    0.456015] pci_bus 0000:00: root bus resource [mem 0x000a0000-0x000bffff window]
[    0.460017] pci_bus 0000:00: root bus resource [mem 0x40000000-0xfdffffff window]
[    0.464018] pci_bus 0000:00: root bus resource [bus 00-ff]
[    0.476038] pci 0000:00:01.1: legacy IDE quirk: reg 0x10: [io  0x01f0-0x01f7]
[    0.480016] pci 0000:00:01.1: legacy IDE quirk: reg 0x14: [io  0x03f6]
[    0.484014] pci 0000:00:01.1: legacy IDE quirk: reg 0x18: [io  0x0170-0x0177]
[    0.488014] pci 0000:00:01.1: legacy IDE quirk: reg 0x1c: [io  0x0376]
[    0.523114] pci 0000:00:07.0: quirk: [io  0x4000-0x403f] claimed by PIIX4 ACPI
[    0.524031] pci 0000:00:07.0: quirk: [io  0x4100-0x410f] claimed by PIIX4 SMB
[    0.544478] ACPI: PCI Interrupt Link [LNKA] (IRQs 5 9 10 *11)
[    0.548549] ACPI: PCI Interrupt Link [LNKB] (IRQs 5 9 *10 11)
[    0.551976] ACPI: PCI Interrupt Link [LNKC] (IRQs 5 *9 10 11)
[    0.552414] ACPI: PCI Interrupt Link [LNKD] (IRQs 5 9 10 *11)
[    0.557111] SCSI subsystem initialized
[    0.560096] pci 0000:00:02.0: vgaarb: setting as boot VGA device
[    0.563069] pci 0000:00:02.0: vgaarb: VGA device added: decodes=io+mem,owns=io+mem,locks=none
[    0.564010] pci 0000:00:02.0: vgaarb: bridge control possible
[    0.568004] vgaarb: loaded
[    0.569551] ACPI: bus type USB registered
[    0.572054] usbcore: registered new interface driver usbfs
[    0.576059] usbcore: registered new interface driver hub
[    0.580037] usbcore: registered new device driver usb
[    0.582502] EDAC MC: Ver: 3.0.0
[    0.584531] PCI: Using ACPI for IRQ routing
[    0.588838] NetLabel: Initializing
[    0.590491] NetLabel:  domain hash size = 128
[    0.592000] NetLabel:  protocols = UNLABELED CIPSOv4 CALIPSO
[    0.592042] NetLabel:  unlabeled traffic allowed by default
[    0.596390] clocksource: Switched to clocksource kvm-clock
[    0.646439] VFS: Disk quotas dquot_6.6.0
[    0.648512] VFS: Dquot-cache hash table entries: 512 (order 0, 4096 bytes)
[    0.651865] AppArmor: AppArmor Filesystem Enabled
[    0.654224] pnp: PnP ACPI init
[    0.660342] pnp: PnP ACPI: found 3 devices
[    0.675325] clocksource: acpi_pm: mask: 0xffffff max_cycles: 0xffffff, max_idle_ns: 2085701024 ns
[    0.681045] NET: Registered protocol family 2
[    0.683251] IP idents hash table entries: 16384 (order: 5, 131072 bytes)
[    0.689333] TCP established hash table entries: 8192 (order: 4, 65536 bytes)
[    0.693124] TCP bind hash table entries: 8192 (order: 5, 131072 bytes)
[    0.696126] TCP: Hash tables configured (established 8192 bind 8192)
[    0.699389] UDP hash table entries: 512 (order: 2, 16384 bytes)
[    0.702264] UDP-Lite hash table entries: 512 (order: 2, 16384 bytes)
[    0.705159] NET: Registered protocol family 1
[    0.707200] pci 0000:00:00.0: Limiting direct PCI/PCI transfers
[    0.710020] pci 0000:00:01.0: Activating ISA DMA hang workarounds
[    0.712792] pci 0000:00:02.0: Video device with shadowed ROM at [mem 0x000c0000-0x000dffff]
[    0.717147] Unpacking initramfs...
[    1.598856] Freeing initrd memory: 19528K
[    1.602365] clocksource: tsc: mask: 0xffffffffffffffff max_cycles: 0x19e31c6d649, max_idle_ns: 440795292875 ns
[    1.609008] platform rtc_cmos: registered platform RTC device (no PNP device found)
[    1.614052] Scanning for low memory corruption every 60 seconds
[    1.618854] Initialise system trusted keyrings
[    1.622663] Key type blacklist registered
[    1.625493] workingset: timestamp_bits=36 max_order=18 bucket_order=0
[    1.633771] zbud: loaded
[    1.636738] squashfs: version 4.0 (2009/01/31) Phillip Lougher
[    1.641672] fuse init (API version 7.26)
[    1.650698] Key type asymmetric registered
[    1.653101] Asymmetric key parser 'x509' registered
[    1.655493] Block layer SCSI generic (bsg) driver version 0.4 loaded (major 246)
[    1.660170] io scheduler noop registered
[    1.663300] io scheduler deadline registered
[    1.666175] io scheduler cfq registered (default)
[    1.670215] ACPI: AC Adapter [AC] (off-line)
[    1.672835] input: Power Button as /devices/LNXSYSTM:00/LNXPWRBN:00/input/input0
[    1.677004] ACPI: Power Button [PWRF]
[    1.679230] input: Sleep Button as /devices/LNXSYSTM:00/LNXSLPBN:00/input/input1
[    1.685244] ACPI: Sleep Button [SLPF]
[    1.690852] ACPI: Battery Slot [BAT0] (battery present)
[    1.692270] Serial: 8250/16550 driver, 32 ports, IRQ sharing enabled
[    1.720611] 00:02: ttyS0 at I/O 0x3f8 (irq = 4, base_baud = 115200) is a 16550A
[    1.729838] Linux agpgart interface v0.103
[    1.737732] loop: module loaded
[    1.741719] scsi host0: ata_piix
[    1.743688] scsi host1: ata_piix
[    1.746040] ata1: PATA max UDMA/33 cmd 0x1f0 ctl 0x3f6 bmdma 0xd000 irq 14
[    1.750127] ata2: PATA max UDMA/33 cmd 0x170 ctl 0x376 bmdma 0xd008 irq 15
[    1.753908] tun: Universal TUN/TAP device driver, 1.6
[    1.757034] PPP generic driver version 2.4.2
[    1.760200] ehci_hcd: USB 2.0 'Enhanced' Host Controller (EHCI) Driver
[    1.763451] ehci-pci: EHCI PCI platform driver
[    1.765792] ehci-platform: EHCI generic platform driver
[    1.768692] ohci_hcd: USB 1.1 'Open' Host Controller (OHCI) Driver
[    1.771884] ohci-pci: OHCI PCI platform driver
[    1.774167] ohci-platform: OHCI generic platform driver
[    1.776811] uhci_hcd: USB Universal Host Controller Interface driver
[    1.780488] i8042: PNP: PS/2 Controller [PNP0303:PS2K,PNP0f03:PS2M] at 0x60,0x64 irq 1,12
[    1.785628] serio: i8042 KBD port at 0x60,0x64 irq 1
[    1.788297] serio: i8042 AUX port at 0x60,0x64 irq 12
[    1.791273] mousedev: PS/2 mouse device common for all mice
[    1.795568] input: AT Translated Set 2 keyboard as /devices/platform/i8042/serio0/input/input2
[    1.801859] rtc_cmos rtc_cmos: rtc core: registered rtc_cmos as rtc0
[    1.805601] rtc_cmos rtc_cmos: alarms up to one day, 114 bytes nvram
[    1.809076] i2c /dev entries driver
[    1.811203] device-mapper: uevent: version 1.0.3
[    1.813934] device-mapper: ioctl: 4.37.0-ioctl (2017-09-20) initialised: dm-devel@redhat.com
[    1.818467] ledtrig-cpu: registered to indicate activity on CPUs
[    1.822722] NET: Registered protocol family 10
[    1.833213] Segment Routing with IPv6
[    1.835450] NET: Registered protocol family 17
[    1.838020] Key type dns_resolver registered
[    1.840988] mce: Using 0 MCE banks
[    1.842699] RAS: Correctable Errors collector initialized.
[    1.845998] sched_clock: Marking stable (1845928242, 0)->(2428246888, -582318646)
[    1.851002] registered taskstats version 1
[    1.853328] Loading compiled-in X.509 certificates
[    1.861315] Loaded X.509 cert 'Build time autogenerated kernel key: b5b26778eaa3ab3a4a6cee031137706e947d12ad'
[    1.869382] Loaded X.509 cert 'Canonical Ltd. Live Patch Signing: 14df34d1a87cf37625abec039ef2bf521249b969'
[    1.877379] Loaded X.509 cert 'Canonical Ltd. Kernel Module Signing: 88f752e560a1e0737e31163a466ad7b70a850c19'
[    1.883884] blacklist: Loading compiled-in revocation X.509 certificates
[    1.889235] Loaded X.509 cert 'Canonical Ltd. Secure Boot Signing: 61482aa2830d0ab2ad5af10b7250da9033ddcef0'
[    1.894219] Loaded X.509 cert 'Canonical Ltd. Secure Boot Signing (2017): 242ade75ac4a15e50d50c84b0d45ff3eae707a03'
[    1.899876] Loaded X.509 cert 'Canonical Ltd. Secure Boot Signing (ESM 2018): 365188c1d374d6b07c3c8f240f8ef722433d6a8b'
[    1.905922] Loaded X.509 cert 'Canonical Ltd. Secure Boot Signing (2019): c0746fd6c5da3ae827864651ad66ae47fe24b3e8'
[    1.911479] Loaded X.509 cert 'Canonical Ltd. Secure Boot Signing (2021 v1): a8d54bbb3825cfb94fa13c9f8a594a195c107b8d'
[    1.920433] Loaded X.509 cert 'Canonical Ltd. Secure Boot Signing (2021 v2): 4cf046892d6fd3c9a5b03f98d845f90851dc6a8c'
[    1.927047] Loaded X.509 cert 'Canonical Ltd. Secure Boot Signing (2021 v3): 100437bb6de6e469b581e61cd66bce3ef4ed53af'
[    1.932768] Loaded X.509 cert 'Canonical Ltd. Secure Boot Signing (Ubuntu Core 2019): c1d57b8f6b743f23ee41f4f7ee292f06eecadfb9'
[    1.939934] zswap: loaded using pool lzo/zbud
[    1.958939] Key type big_key registered
[    1.961878] Key type trusted registered
[    1.969050] Key type encrypted registered
[    1.971856] AppArmor: AppArmor sha1 policy hashing enabled
[    1.975714] ima: No TPM chip found, activating TPM-bypass! (rc=-19)
[    1.980690] ima: Allocated hash algorithm: sha1
[    1.983751] evm: HMAC attrs: 0x1
[    1.987504]   Magic number: 2:871:619
[    1.990650] rtc_cmos rtc_cmos: setting system clock to 2026-03-09 06:37:07 UTC (1773038227)
[    1.996437] BIOS EDD facility v0.16 2004-Jun-25, 0 devices found
[    2.000096] EDD information not available.
[    2.016475] Freeing unused kernel image memory: 2480K
[    2.032547] Write protecting the kernel read-only data: 20480k
[    2.037950] Freeing unused kernel image memory: 2008K
[    2.042310] Freeing unused kernel image memory: 1820K
[    2.089988] x86/mm: Checked W+X mappings: passed, no W+X pages found.
[    2.093007] x86/mm: Checking user space page tables
[    2.136880] x86/mm: Checked W+X mappings: passed, no W+X pages found.
Loading, please wait...
starting version 237
[    2.302069] Fusion MPT base driver 3.04.20
[    2.304797] Copyright (c) 1999-2008 LSI Corporation
[    2.309509] e1000: Intel(R) PRO/1000 Network Driver - version 7.3.21-k8-NAPI
[    2.314722] e1000: Copyright (c) 1999-2006 Intel Corporation.
[    2.330532] Fusion MPT SPI Host driver 3.04.20
[    2.588418] AVX version of gcm_enc/dec engaged.
[    2.600844] AES CTR mode by8 optimization enabled
[    2.645454] input: ImExPS/2 Generic Explorer Mouse as /devices/platform/i8042/serio1/input/input4
[    3.001327] e1000 0000:00:03.0 eth0: (PCI:33MHz:32-bit) 02:3b:7b:b7:3b:2d
[    3.005751] e1000 0000:00:03.0 eth0: Intel(R) PRO/1000 Network Connection
[    3.012298] mptbase: ioc0: Initiating bringup
[    3.014131] e1000 0000:00:03.0 enp0s3: renamed from eth0
[    3.113446] ioc0: LSI53C1030 A0: Capabilities={Initiator}
[    3.360223] scsi host2: ioc0: LSI53C1030 A0, FwRev=00000000h, Ports=1, MaxQ=256, IRQ=20
[    3.537471] scsi 2:0:0:0: Direct-Access     VBOX     HARDDISK         1.0  PQ: 0 ANSI: 5
[    3.620663] scsi target2:0:0: Beginning Domain Validation
[    3.626827] scsi target2:0:0: Domain Validation skipping write tests
[    3.630481] scsi target2:0:0: Ending Domain Validation
[    3.634344] scsi target2:0:0: asynchronous
[    3.638015] scsi 2:0:1:0: Direct-Access     VBOX     HARDDISK         1.0  PQ: 0 ANSI: 5
[    4.352500] scsi target2:0:1: Beginning Domain Validation
[    4.357641] scsi target2:0:1: Domain Validation skipping write tests
[    4.361581] scsi target2:0:1: Ending Domain Validation
[    4.365604] scsi target2:0:1: asynchronous
[    4.376151] sd 2:0:0:0: Attached scsi generic sg0 type 0
[    4.378915] sd 2:0:0:0: [sda] 83886080 512-byte logical blocks: (42.9 GB/40.0 GiB)
[    4.383657] sd 2:0:0:0: [sda] Write Protect is off
[    4.386448] sd 2:0:1:0: Attached scsi generic sg1 type 0
[    4.389656] sd 2:0:0:0: [sda] Incomplete mode parameter data
[    4.392962] sd 2:0:0:0: [sda] Assuming drive cache: write through
[    4.396155] sd 2:0:1:0: [sdb] 20480 512-byte logical blocks: (10.5 MB/10.0 MiB)
[    4.400444] sd 2:0:1:0: [sdb] Write Protect is off
[    4.401975]  sda: sda1
[    4.406121] sd 2:0:1:0: [sdb] Incomplete mode parameter data
[    4.407063] sd 2:0:0:0: [sda] Attached SCSI disk
[    4.409316] sd 2:0:1:0: [sdb] Assuming drive cache: write through
[    4.421881] sd 2:0:1:0: [sdb] Attached SCSI disk
Begin: Loading essential drivers ... [    7.060124] raid6: sse2x1   gen()  2010 MB/s
[    7.108203] raid6: sse2x1   xor()  1295 MB/s
[    7.156071] raid6: sse2x2   gen()  4430 MB/s
[    7.204163] raid6: sse2x2   xor()  2105 MB/s
[    7.252146] raid6: sse2x4   gen()  5179 MB/s
[    7.300148] raid6: sse2x4   xor()  2929 MB/s
[    7.302200] raid6: using algorithm sse2x4 gen() 5179 MB/s
[    7.305060] raid6: .... xor() 2929 MB/s, rmw enabled
[    7.308596] raid6: using ssse3x2 recovery algorithm
[    7.314257] xor: automatically using best checksumming function   avx       
[    7.320693] async_tx: api initialized (async)
done.
Begin: Running /scripts/init-premount ... done.
Begin: Mounting root file system ... Begin: Running /scripts/local-top ... done.
Begin: Running /scripts/local-premount ... [    7.460603] Btrfs loaded, crc32c=crc32c-intel
Scanning for Btrfs filesystems
done.
Warning: fsck not present, so skipping root file system
[    7.529707] EXT4-fs (sda1): mounted filesystem with ordered data mode. Opts: (null)
done.
Begin: Running /scripts/local-bottom ... done.
Begin: Running /scripts/init-bottom ... done.
[    8.369303] ip_tables: (C) 2000-2006 Netfilter Core Team
[    8.395666] systemd[1]: systemd 237 running in system mode. (+PAM +AUDIT +SELINUX +IMA +APPARMOR +SMACK +SYSVINIT +UTMP +LIBCRYPTSETUP +GCRYPT +GNUTLS +ACL +XZ +LZ4 +SECCOMP +BLKID +ELFUTILS +KMOD -IDN2 +IDN -PCRE2 default-hierarchy=hybrid)
[    8.407277] systemd[1]: Detected virtualization oracle.
[    8.411973] systemd[1]: Detected architecture x86-64.

Welcome to [1mUbuntu 18.04.6 LTS[0m!

[    8.424945] systemd[1]: Set hostname to <ubuntu>.
[    8.431852] systemd[1]: Initializing machine ID from random generator.
[    8.436198] systemd[1]: Installed transient /etc/machine-id file.
[    8.968764] systemd[1]: Created slice User and Session Slice.
[[0;32m  OK  [0m] Created slice User and Session Slice.
[    8.973977] systemd[1]: Reached target System Time Synchronized.
[[0;32m  OK  [0m] Reached target System Time Synchronized.
[    8.980727] systemd[1]: Reached target User and Group Name Lookups.
[[0;32m  OK  [0m] Reached target User and Group Name Lookups.
[    8.986782] systemd[1]: Started Forward Password Requests to Wall Directory Watch.
[[0;32m  OK  [0m] Started Forward Password Requests to Wall Directory Watch.
[[0;32m  OK  [0m] Reached target Mounting snaps.
[[0;32m  OK  [0m] Reached target Mounted snaps.
[[0;32m  OK  [0m] Reached target Swap.
[[0;32m  OK  [0m] Created slice System Slice.
[[0;32m  OK  [0m] Listening on LVM2 poll daemon socket.
[[0;32m  OK  [0m] Listening on Journal Socket.
[[0;32m  OK  [0m] Listening on LVM2 metadata daemon socket.
         Starting Uncomplicated firewall...
         Starting Set the console keyboard layout...
[[0;32m  OK  [0m] Listening on Device-mapper event daemon FIFOs.
         Starting Monitoring of LVM2 mirrors…ng dmeventd or progress polling...
[[0;32m  OK  [0m] Listening on udev Control Socket.
[[0;32m  OK  [0m] Created slice system-serial\x2dgetty.slice.
[[0;32m  OK  [0m] Listening on Syslog Socket.
         Starting Load Kernel Modules...
[[0;32m  OK  [0m] Listening on fsck to fsckd communication Socket.
         Starting File System Check on Root Device...
[[0;32m  OK  [0m] Listening on /dev/initctl Compatibility Named Pipe.
[[0;32m  OK  [0m] Reached target Slices.
[[0;32m  OK  [0m] Listening on Journal Audit Socket.
         Starting Create list of required st…ce nodes for the current kernel...
         Mounting Kernel Debug File System...
[[0;32m  OK  [0m] Listening on Journal Socket (/dev/log).
         Mounting POSIX Message Queue File System...
         Starting Journal Service...
         Mounting Huge Pages File System...
[[0;32m  OK  [0m] Listening on udev Kernel Socket.
         Starting udev Coldplug all Devices...
[[0;32m  OK  [0m] Listening on Network Service Netlink Socket.
[[0;32m  OK  [0m] Set up automount Arbitrary Executab…rmats File System Automount Point.
[[0;32m  OK  [0m] Started Uncomplicated firewall.
[[0;32m  OK  [0m] Mounted Kernel Debug File System.
[[0;32m  OK  [0m] Mounted POSIX Message Queue File System.
[[0;32m  OK  [0m] Mounted Huge Pages File System.
[[0;32m  OK  [0m] Started Create list of required sta…vice nodes for the current kernel.
[[0;32m  OK  [0m] Started File System Check Daemon to report status.
[[0;32m  OK  [0m] Started LVM2 metadata daemon.
         Starting Create Static Device Nodes in /dev...
[    9.549027] Loading iSCSI transport class v2.0-870.
[[0;32m  OK  [0m] Started Journal Service.
[[0;32m  OK  [0m] Started File System Check on Root Device.
         Starting Remount Root and Kernel File Systems...
[    9.686893] iscsi: registered transport (tcp)
[[0;32m  OK  [0m] Started udev Coldplug all Devices.
[[0;32m  OK  [0m] Started Create Static Device Nodes in /dev.
[    9.786104] iscsi: registered transport (iser)
[    9.790085] EXT4-fs (sda1): re-mounted. Opts: (null)
[[0;32m  OK  [0m] Started Load Kernel Modules.
[[0;32m  OK  [0m] Started Remount Root and Kernel File Systems.
         Starting Load/Save Random Seed...
         Starting Flush Journal to Persistent Storage...
         Starting udev Kernel Device Manager...
         Mounting Kernel Configuration File System...
         Mounting FUSE Control File System...
         Starting Apply Kernel Variables...
[[0;32m  OK  [0m] Started Monitoring of LVM2 mirrors,…sing dmeventd or progress polling.
[[0;32m  OK  [0m] Started Load/Save Random Seed.
[[0;32m  OK  [0m] Mounted Kernel Configuration File System.
[[0;32m  OK  [0m] Mounted FUSE Control File System.
[    9.913016] systemd-journald[408]: Received request to flush runtime journal from PID 1
[[0;32m  OK  [0m] Started udev Kernel Device Manager.
[[0;32m  OK  [0m] Started Apply Kernel Variables.
[[0;32m  OK  [0m] Started Flush Journal to Persistent Storage.
[[0;32m  OK  [0m] Found device /dev/ttyS0.
[[0;32m  OK  [0m] Listening on Load/Save RF Kill Switch Status /dev/rfkill Watch.
         Mounting Arbitrary Executable File Formats File System...
[[0;32m  OK  [0m] Mounted Arbitrary Executable File Formats File System.
[[0;32m  OK  [0m] Started Set the console keyboard layout.
[[0;32m  OK  [0m] Reached target Local File Systems (Pre).
[[0;32m  OK  [0m] Reached target Local File Systems.
         Starting Create Volatile Files and Directories...
         Starting Commit a transient machine-id on disk...
         Starting Set console font and keymap...
         Starting ebtables ruleset management...
         Starting Tell Plymouth To Write Out Runtime Data...
         Starting AppArmor initialization...
[[0;32m  OK  [0m] Started Dispatch Password Requests to Console Directory Watch.
[[0;32m  OK  [0m] Reached target Local Encrypted Volumes.
[[0;32m  OK  [0m] Started Create Volatile Files and Directories.
         Starting Update UTMP about System Boot/Shutdown...
[[0;32m  OK  [0m] Started Tell Plymouth To Write Out Runtime Data.
[[0;32m  OK  [0m] Started Update UTMP about System Boot/Shutdown.
[[0;32m  OK  [0m] Started Commit a transient machine-id on disk.
[[0;32m  OK  [0m] Started ebtables ruleset management.
[[0;32m  OK  [0m] Started Set console font and keymap.
[[0;32m  OK  [0m] Started AppArmor initialization.
         Starting Load AppArmor profiles managed internally by snapd...
         Starting Initial cloud-init job (pre-networking)...
[[0;32m  OK  [0m] Started Load AppArmor profiles managed internally by snapd.
[   20.349497] cloud-init[808]: Cloud-init v. 23.1.2-0ubuntu0~18.04.1 running 'init-local' at Mon, 09 Mar 2026 06:37:25 +0000. Up 19.52 seconds.
[[0;32m  OK  [0m] Started Initial cloud-init job (pre-networking).
[[0;32m  OK  [0m] Reached target Network (Pre).
         Starting Network Service...
[[0;32m  OK  [0m] Started Network Service.
         Starting Network Name Resolution...
         Starting Wait for Network to be Configured...
[[0;32m  OK  [0m] Started Network Name Resolution.
[[0;32m  OK  [0m] Reached target Host and Network Name Lookups.
[[0;32m  OK  [0m] Reached target Network.
[[0;32m  OK  [0m] Started Wait for Network to be Configured.
         Starting Initial cloud-init job (metadata service crawler)...
[   23.298064] cloud-init[910]: Cloud-init v. 23.1.2-0ubuntu0~18.04.1 running 'init' at Mon, 09 Mar 2026 06:37:28 +0000. Up 22.85 seconds.
[   23.303226] cloud-init[910]: ci-info: ++++++++++++++++++++++++++++++++++++++Net device info++++++++++++++++++++++++++++++++++++++
[   23.307148] cloud-init[910]: ci-info: +--------+------+----------------------------+---------------+--------+-------------------+
[   23.314187] cloud-init[910]: ci-info: | Device |  Up  |          Address           |      Mask     | Scope  |     Hw-Address    |
[   23.317155] cloud-init[910]: ci-info: +--------+------+----------------------------+---------------+--------+-------------------+
[   23.322273] cloud-init[910]: ci-info: | enp0s3 | True |         10.0.2.15          | 255.255.255.0 | global | 02:3b:7b:b7:3b:2d |
[   23.327395] cloud-init[910]: ci-info: | enp0s3 | True | fe80::3b:7bff:feb7:3b2d/64 |       .       |  link  | 02:3b:7b:b7:3b:2d |
[   23.331237] cloud-init[910]: ci-info: |   lo   | True |         127.0.0.1          |   255.0.0.0   |  host  |         .         |
[   23.336768] cloud-init[910]: ci-info: |   lo   | True |          ::1/128           |       .       |  host  |         .         |
[   23.342297] cloud-init[910]: ci-info: +--------+------+----------------------------+---------------+--------+-------------------+
[   23.347274] cloud-init[910]: ci-info: ++++++++++++++++++++++++++++Route IPv4 info+++++++++++++++++++++++++++++
[   23.351527] cloud-init[910]: ci-info: +-------+-------------+----------+-----------------+-----------+-------+
[   23.355076] cloud-init[910]: ci-info: | Route | Destination | Gateway  |     Genmask     | Interface | Flags |
[   23.359312] cloud-init[910]: ci-info: +-------+-------------+----------+-----------------+-----------+-------+
[   23.363972] cloud-init[910]: ci-info: |   0   |   0.0.0.0   | 10.0.2.2 |     0.0.0.0     |   enp0s3  |   UG  |
[   23.368942] cloud-init[910]: ci-info: |   1   |   10.0.2.0  | 0.0.0.0  |  255.255.255.0  |   enp0s3  |   U   |
[   23.373908] cloud-init[910]: ci-info: |   2   |   10.0.2.2  | 0.0.0.0  | 255.255.255.255 |   enp0s3  |   UH  |
[   23.378273] cloud-init[910]: ci-info: +-------+-------------+----------+-----------------+-----------+-------+
[   23.382876] cloud-init[910]: ci-info: +++++++++++++++++++Route IPv6 info+++++++++++++++++++
[   23.386512] cloud-init[910]: ci-info: +-------+-------------+---------+-----------+-------+
[   23.389958] cloud-init[910]: ci-info: | Route | Destination | Gateway | Interface | Flags |
[   23.393866] cloud-init[910]: ci-info: +-------+-------------+---------+-----------+-------+
[   23.398244] cloud-init[910]: ci-info: |   1   |  fe80::/64  |    ::   |   enp0s3  |   U   |
[   23.402616] cloud-init[910]: ci-info: |   3   |    local    |    ::   |   enp0s3  |   U   |
[   23.407088] cloud-init[910]: ci-info: |   4   |   ff00::/8  |    ::   |   enp0s3  |   U   |
[   23.410988] cloud-init[910]: ci-info: +-------+-------------+---------+-----------+-------+
[   24.855775] cloud-init[910]: Generating public/private rsa key pair.
[   24.858350] cloud-init[910]: Your identification has been saved in /etc/ssh/ssh_host_rsa_key.
[   24.861862] cloud-init[910]: Your public key has been saved in /etc/ssh/ssh_host_rsa_key.pub.
[   24.865215] cloud-init[910]: The key fingerprint is:
[   24.867457] cloud-init[910]: SHA256:iiynb6sgen79xyoUwMk1XyWsJwULyQf7VABXneQ05tc root@ubuntu-bionic
[   24.871069] cloud-init[910]: The key's randomart image is:
[   24.873536] cloud-init[910]: +---[RSA 2048]----+
[   24.875737] cloud-init[910]: |   o +*++==+*.   |
[   24.877835] cloud-init[910]: |    = o*.+o*o. . |
[   24.879929] cloud-init[910]: |     ...+o  o . E|
[   24.881880] cloud-init[910]: |      .oo .  .   |
[   24.883896] cloud-init[910]: |       .So       |
[   24.885945] cloud-init[910]: |   . ...         |
[   24.888034] cloud-init[910]: |o . +o.  .       |
[   24.890085] cloud-init[910]: |o..+o o   o      |
[   24.892229] cloud-init[910]: |.o+=o. ooo       |
[   24.894429] cloud-init[910]: +----[SHA256]-----+
[   24.896431] cloud-init[910]: Generating public/private dsa key pair.
[   24.898858] cloud-init[910]: Your identification has been saved in /etc/ssh/ssh_host_dsa_key.
[   24.902452] cloud-init[910]: Your public key has been saved in /etc/ssh/ssh_host_dsa_key.pub.
[   24.905626] cloud-init[910]: The key fingerprint is:
[   24.907776] cloud-init[910]: SHA256:v3zJdcbzxIEZd0itdwoi9JJaeY7/WgF26mDNPmTdj1I root@ubuntu-bionic
[   24.911036] cloud-init[910]: The key's randomart image is:
[   24.913269] cloud-init[910]: +---[DSA 1024]----+
[   24.915306] cloud-init[910]: |             ..o |
[   24.917153] cloud-init[910]: |        .    ...o|
[   24.918819] cloud-init[910]: |       . +o . =..|
[   24.920394] cloud-init[910]: |        *++=.+..o|
[   24.921883] cloud-init[910]: |       oS**.o.E=o|
[   24.932782] cloud-init[910]: |      ...B.  oo+*|
[   24.936662] cloud-init[910]: |         .=.oo.++|
[   24.939529] cloud-init[910]: |         ..++.  .|
[   24.941575] cloud-init[910]: |          ++.    |
[   24.944183] cloud-init[910]: +----[SHA256]-----+
[   24.946382] cloud-init[910]: Generating public/private ecdsa key pair.
[   24.949107] cloud-init[910]: Your identification has been saved in /etc/ssh/ssh_host_ecdsa_key.
[   24.952745] cloud-init[910]: Your public key has been saved in /etc/ssh/ssh_host_ecdsa_key.pub.
[   24.959839] cloud-init[910]: The key fingerprint is:
[   24.961873] cloud-init[910]: SHA256:7zp99DXu080QYGl9KhsycfFIEqn/QWDkU+utOI0r5OQ root@ubuntu-bionic
[   24.977837] cloud-init[910]: The key's randomart image is:
[   24.980613] cloud-init[910]: +---[ECDSA 256]---+
[   24.982744] cloud-init[910]: |         .+o++   |
[   24.984945] cloud-init[910]: |         .=+*+. .|
[   24.987161] cloud-init[910]: |         oo*o..o |
[   24.989265] cloud-init[910]: |        . oo+.o  |
[   24.991459] cloud-init[910]: |        S. +.+.. |
[   24.993687] cloud-init[910]: |        o..++....|
[   24.997233] cloud-init[910]: |       = .=ooo.++|
[   24.999543] cloud-init[910]: |        E..oo .o+|
[   25.001801] cloud-init[910]: |        .+o.  ...|
[   25.003930] cloud-init[910]: +----[SHA256]-----+
[   25.006125] cloud-init[910]: Generating public/private ed25519 key pair.
[   25.008772] cloud-init[910]: Your identification has been saved in /etc/ssh/ssh_host_ed25519_key.
[   25.012567] cloud-init[910]: Your public key has been saved in /etc/ssh/ssh_host_ed25519_key.pub.
[   25.016474] cloud-init[910]: The key fingerprint is:
[   25.018641] cloud-init[910]: SHA256:idZfTuknl/IDFzZGP/zv79dsmVoPaoK32+wAqYepbjQ root@ubuntu-bionic
[   25.022338] cloud-init[910]: The key's randomart image is:
[   25.024597] cloud-init[910]: +--[ED25519 256]--+
[   25.026572] cloud-init[910]: |                 |
[   25.028554] cloud-init[910]: |              .  |
[   25.030581] cloud-init[910]: |             ... |
[   25.032475] cloud-init[910]: |       o o   .=o.|
[   25.034437] cloud-init[910]: |      o S   +o oo|
[   25.036671] cloud-init[910]: |    E. + o =. ...|
[   25.038855] cloud-init[910]: |   . .+ ..o =o=o=|
[   25.040836] cloud-init[910]: |    .. .. o+.Bo+B|
[   25.042567] cloud-init[910]: |   oo    .o*=.o=B|
[   25.044606] cloud-init[910]: +----[SHA256]-----+
[[0;32m  OK  [0m] Started Initial cloud-init job (metadata service crawler).
[[0;32m  OK  [0m] Reached target System Initialization.
[[0;32m  OK  [0m] Listening on UUID daemon activation socket.
[[0;32m  OK  [0m] Started Daily apt download activities.
[[0;32m  OK  [0m] Listening on D-Bus System Message Bus Socket.
[[0;32m  OK  [0m] Started Discard unused blocks once a week.
[[0;32m  OK  [0m] Started Daily apt upgrade and clean activities.
[[0;32m  OK  [0m] Listening on cloud-init hotplug hook socket.
[[0;32m  OK  [0m] Listening on ACPID Listen Socket.
[[0;32m  OK  [0m] Listening on Open-iSCSI iscsid Socket.
         Starting LXD - unix socket.
[[0;32m  OK  [0m] Started ACPI Events Check.
[[0;32m  OK  [0m] Reached target Paths.
[[0;32m  OK  [0m] Started Message of the Day.
         Starting Socket activation for snappy daemon.
[[0;32m  OK  [0m] Started Ubuntu Advantage Timer for running repeated jobs.
[[0;32m  OK  [0m] Started Daily Cleanup of Temporary Directories.
[[0;32m  OK  [0m] Reached target Timers.
[[0;32m  OK  [0m] Reached target Cloud-config availability.
[[0;32m  OK  [0m] Reached target Network is Online.
[[0;32m  OK  [0m] Reached target Remote File Systems (Pre).
[[0;32m  OK  [0m] Reached target Remote File Systems.
         Starting Availability of block devices...
[[0;32m  OK  [0m] Listening on LXD - unix socket.
[[0;32m  OK  [0m] Listening on Socket activation for snappy daemon.
[[0;32m  OK  [0m] Reached target Sockets.
[[0;32m  OK  [0m] Reached target Basic System.
         Starting LSB: Record successful boot for GRUB...
[[0;32m  OK  [0m] Started Deferred execution scheduler.
         Starting LSB: automatic crash report generation...
[[0;32m  OK  [0m] Started FUSE filesystem for LXC.
         Starting Login Service...
         Starting System Logging Service...
[[0;32m  OK  [0m] Started D-Bus System Message Bus.
[[0;32m  OK  [0m] Started Regular background program processing daemon.
[[0;32m  OK  [0m] Started irqbalance daemon.
         Starting Accounts Service...
         Starting Pollinate to seed the pseudo random number generator...
         Starting Dispatcher daemon for systemd-networkd...
[[0;32m  OK  [0m] Reached target Login Prompts (Pre).
         Starting Snap Daemon...
         Starting Permit User Sessions...
         Starting Virtualbox guest utils...
         Starting LXD - container startup/shutdown...
[[0;32m  OK  [0m] Started System Logging Service.
[[0;32m  OK  [0m] Started Availability of block devices.
[[0;32m  OK  [0m] Started Login Service.
[[0;32m  OK  [0m] Started Unattended Upgrades Shutdown.
[[0;32m  OK  [0m] Started Permit User Sessions.
         Starting Terminate Plymouth Boot Screen...
         Starting Hold until boot process finishes up...
[[0;32m  OK  [0m] Started Terminate Plymouth Boot Screen.
[[0;32m  OK  [0m] Started Hold until boot process finishes up.
         Starting Set console scheme...
[[0;32m  OK  [0m] Started Serial Getty on ttyS0.
[[0;32m  OK  [0m] Started LSB: automatic crash report generation.
[[0;32m  OK  [0m] Started Set console scheme.
[[0;32m  OK  [0m] Created slice system-getty.slice.
[[0;32m  OK  [0m] Started Getty on tty1.
[[0;32m  OK  [0m] Reached target Login Prompts.
         Starting Authorization Manager...
[[0;32m  OK  [0m] Started LSB: Record successful boot for GRUB.
[[0;32m  OK  [0m] Started Authorization Manager.
[[0;32m  OK  [0m] Started Accounts Service.
[[0;32m  OK  [0m] Started Virtualbox guest utils.
[[0;32m  OK  [0m] Started LXD - container startup/shutdown.
[[0;32m  OK  [0m] Started Dispatcher daemon for systemd-networkd.
[[0;32m  OK  [0m] Started Snap Daemon.
         Starting Wait until snapd is fully seeded...
[[0;32m  OK  [0m] Started Pollinate to seed the pseudo random number generator.
         Starting OpenBSD Secure Shell server...
[[0;32m  OK  [0m] Started OpenBSD Secure Shell server.
[[0;32m  OK  [0m] Created slice User Slice of vagrant.
         Starting User Manager for UID 1000...
[[0;32m  OK  [0m] Started Session 1 of user vagrant.
[[0;32m  OK  [0m] Started User Manager for UID 1000.
         Starting Time & Date Service...
[[0;32m  OK  [0m] Started Time & Date Service.

Ubuntu 18.04.6 LTS ubuntu-bionic ttyS0

ubuntu-bionic login: [   35.891413] cloud-init[1450]: Cloud-init v. 23.1.2-0ubuntu0~18.04.1 running 'modules:config' at Mon, 09 Mar 2026 06:37:40 +0000. Up 34.57 seconds.
ci-info: no authorized SSH keys fingerprints found for user ubuntu.
<14>Mar  9 06:37:43 cloud-init: #############################################################
<14>Mar  9 06:37:43 cloud-init: -----BEGIN SSH HOST KEY FINGERPRINTS-----
<14>Mar  9 06:37:43 cloud-init: 1024 SHA256:v3zJdcbzxIEZd0itdwoi9JJaeY7/WgF26mDNPmTdj1I root@ubuntu-bionic (DSA)
<14>Mar  9 06:37:43 cloud-init: 256 SHA256:7zp99DXu080QYGl9KhsycfFIEqn/QWDkU+utOI0r5OQ root@ubuntu-bionic (ECDSA)
<14>Mar  9 06:37:43 cloud-init: 256 SHA256:idZfTuknl/IDFzZGP/zv79dsmVoPaoK32+wAqYepbjQ root@ubuntu-bionic (ED25519)
<14>Mar  9 06:37:43 cloud-init: 2048 SHA256:iiynb6sgen79xyoUwMk1XyWsJwULyQf7VABXneQ05tc root@ubuntu-bionic (RSA)
<14>Mar  9 06:37:43 cloud-init: -----END SSH HOST KEY FINGERPRINTS-----
<14>Mar  9 06:37:43 cloud-init: #############################################################
-----BEGIN SSH HOST KEY KEYS-----
ecdsa-sha2-nistp256 AAAAE2VjZHNhLXNoYTItbmlzdHAyNTYAAAAIbmlzdHAyNTYAAABBBDczGvFv75vA9EsrIqWRJk4m3ZmJSkNR069wWAi3aXGARlWYGJe/TKef2SJOAcD4Iv6hB5pfYiX3nh++CK3RTLg= root@ubuntu-bionic
ssh-ed25519 AAAAC3NzaC1lZDI1NTE5AAAAIOgmjwdYxE9IWyFWtCYZg/ubLDydKsLjafCs6h55O8Vn root@ubuntu-bionic
ssh-rsa AAAAB3NzaC1yc2EAAAADAQABAAABAQDHpAWpE4duN30aBGRyW0ZzjQVPLHVRd+I2vMY4ckMd2qNApRHVqkv27S4cPf3RpiRT02UsmWAku/EiLxhd5OnfgJX9OIsYQkjPCyQeECJeV/uIH3dBXiKGH7ajR8Xpbwg+ARK0DHtbYPCUuN5gDc62zurC4KyurcFWREJp4PI6oSX2Q9YEJj2uaVq+zno3mcRYFr36vIlmq6X0neX2fap2rV60bq4eIlBmb8DhHV+ZEIUfI+kbDEYOQWgoU4uCG7M95c0La4lR1NGPRfnCNm6vdjuxmYD0k25LEg6Kyr+q0f0/qOBZpRBPwWVNvI97Mnd3KqL1NdpspJgTcslggzln root@ubuntu-bionic
-----END SSH HOST KEY KEYS-----
[   38.383815] cloud-init[1603]: Cloud-init v. 23.1.2-0ubuntu0~18.04.1 running 'modules:final' at Mon, 09 Mar 2026 06:37:43 +0000. Up 37.59 seconds.
[   38.384515] cloud-init[1603]: Cloud-init v. 23.1.2-0ubuntu0~18.04.1 finished at Mon, 09 Mar 2026 06:37:43 +0000. Datasource DataSourceNoCloud [seed=/dev/sdb][dsmode=net].  Up 38.35 seconds
